06/11 15:59:17 INFO [lt-dispatcher-4] akka.event.slf4j.Slf4jLogger - Slf4jLogger started
06/11 15:59:17 DEBUG[lt-dispatcher-4] akka.event.EventStream - logger log1-Slf4jLogger started
06/11 15:59:17 DEBUG[lt-dispatcher-4] akka.event.EventStream - Default Loggers started
06/11 16:01:21 INFO [lt-dispatcher-4] akka.event.slf4j.Slf4jLogger - Slf4jLogger started
06/11 16:01:21 DEBUG[lt-dispatcher-4] akka.event.EventStream - logger log1-Slf4jLogger started
06/11 16:01:21 DEBUG[lt-dispatcher-4] akka.event.EventStream - Default Loggers started
06/11 16:01:21 DEBUG[lt-dispatcher-4] akka.event.EventStream - shutting down: StandardOutLogger started
06/11 16:03:04 INFO [lt-dispatcher-5] akka.event.slf4j.Slf4jLogger - Slf4jLogger started
06/11 16:03:04 DEBUG[lt-dispatcher-5] akka.event.EventStream - logger log1-Slf4jLogger started
06/11 16:03:04 DEBUG[lt-dispatcher-5] akka.event.EventStream - Default Loggers started
06/11 16:03:05 DEBUG[lt-dispatcher-5] akka.event.EventStream - shutting down: StandardOutLogger started
06/11 16:03:05 INFO [lt-dispatcher-3] akka.event.slf4j.Slf4jLogger - Slf4jLogger started
06/11 16:03:05 DEBUG[lt-dispatcher-3] akka.event.EventStream - logger log1-Slf4jLogger started
06/11 16:03:05 DEBUG[lt-dispatcher-3] akka.event.EventStream - Default Loggers started
06/11 16:03:05 INFO [lt-dispatcher-3] akka.actor.RepointableActorRef - Message [com.example.Kick] from Actor[akka://DagActorSystem/user/d_executor#2056365966] to Actor[akka://DagActorSystem/user/e_executor#270088376] was not delivered. [1] dead letters encountered. This logging can be turned off or adjusted with configuration settings 'akka.log-dead-letters' and 'akka.log-dead-letters-during-shutdown'.
06/11 16:05:26 INFO [lt-dispatcher-3] akka.event.slf4j.Slf4jLogger - Slf4jLogger started
06/11 16:05:26 DEBUG[lt-dispatcher-3] akka.event.EventStream - logger log1-Slf4jLogger started
06/11 16:05:26 DEBUG[lt-dispatcher-3] akka.event.EventStream - Default Loggers started
06/11 16:05:26 DEBUG[lt-dispatcher-3] akka.event.EventStream - shutting down: StandardOutLogger started
06/11 16:07:00 INFO [lt-dispatcher-4] akka.event.slf4j.Slf4jLogger - Slf4jLogger started
06/11 16:07:00 DEBUG[lt-dispatcher-4] akka.event.EventStream - logger log1-Slf4jLogger started
06/11 16:07:00 DEBUG[lt-dispatcher-4] akka.event.EventStream - Default Loggers started
06/11 16:09:27 INFO [lt-dispatcher-4] akka.event.slf4j.Slf4jLogger - Slf4jLogger started
06/11 16:09:27 DEBUG[lt-dispatcher-4] akka.event.EventStream - logger log1-Slf4jLogger started
06/11 16:09:27 DEBUG[lt-dispatcher-4] akka.event.EventStream - Default Loggers started
06/11 16:23:45 INFO [lt-dispatcher-4] akka.event.slf4j.Slf4jLogger - Slf4jLogger started
06/11 16:23:45 DEBUG[lt-dispatcher-4] akka.event.EventStream - logger log1-Slf4jLogger started
06/11 16:23:45 DEBUG[lt-dispatcher-4] akka.event.EventStream - Default Loggers started
06/11 16:25:27 INFO [lt-dispatcher-4] akka.event.slf4j.Slf4jLogger - Slf4jLogger started
06/11 16:25:27 DEBUG[lt-dispatcher-4] akka.event.EventStream - logger log1-Slf4jLogger started
06/11 16:25:27 DEBUG[lt-dispatcher-4] akka.event.EventStream - Default Loggers started
06/11 16:26:05 INFO [lt-dispatcher-4] akka.event.slf4j.Slf4jLogger - Slf4jLogger started
06/11 16:26:05 DEBUG[lt-dispatcher-4] akka.event.EventStream - logger log1-Slf4jLogger started
06/11 16:26:05 DEBUG[lt-dispatcher-4] akka.event.EventStream - Default Loggers started
06/11 16:27:25 INFO [lt-dispatcher-4] akka.event.slf4j.Slf4jLogger - Slf4jLogger started
06/11 16:27:25 DEBUG[lt-dispatcher-4] akka.event.EventStream - logger log1-Slf4jLogger started
06/11 16:27:25 DEBUG[lt-dispatcher-4] akka.event.EventStream - Default Loggers started
06/11 16:27:25 INFO [lt-dispatcher-8] akka.actor.RepointableActorRef - Message [com.example.Kick] from Actor[akka://DagActorSystem/user/d_executor#-1045042021] to Actor[akka://DagActorSystem/user/e_executor#190061470] was not delivered. [1] dead letters encountered. This logging can be turned off or adjusted with configuration settings 'akka.log-dead-letters' and 'akka.log-dead-letters-during-shutdown'.
06/11 16:32:53 INFO [lt-dispatcher-4] akka.event.slf4j.Slf4jLogger - Slf4jLogger started
06/11 16:32:53 DEBUG[lt-dispatcher-4] akka.event.EventStream - logger log1-Slf4jLogger started
06/11 16:32:53 DEBUG[lt-dispatcher-4] akka.event.EventStream - Default Loggers started
06/11 16:32:53 INFO [lt-dispatcher-3] akka.actor.RepointableActorRef - Message [com.example.Kick] from Actor[akka://DagActorSystem/user/d_executor#-515553939] to Actor[akka://DagActorSystem/user/e_executor#-1033779166] was not delivered. [1] dead letters encountered. This logging can be turned off or adjusted with configuration settings 'akka.log-dead-letters' and 'akka.log-dead-letters-during-shutdown'.
06/11 16:38:42 INFO [lt-dispatcher-4] akka.event.slf4j.Slf4jLogger - Slf4jLogger started
06/11 16:38:42 DEBUG[lt-dispatcher-4] akka.event.EventStream - logger log1-Slf4jLogger started
06/11 16:38:42 DEBUG[lt-dispatcher-4] akka.event.EventStream - Default Loggers started
06/11 16:42:50 INFO [lt-dispatcher-4] akka.event.slf4j.Slf4jLogger - Slf4jLogger started
06/11 16:42:50 DEBUG[lt-dispatcher-4] akka.event.EventStream - logger log1-Slf4jLogger started
06/11 16:42:50 DEBUG[lt-dispatcher-4] akka.event.EventStream - Default Loggers started
06/11 16:46:56 INFO [lt-dispatcher-4] akka.event.slf4j.Slf4jLogger - Slf4jLogger started
06/11 16:46:56 DEBUG[lt-dispatcher-4] akka.event.EventStream - logger log1-Slf4jLogger started
06/11 16:46:56 DEBUG[lt-dispatcher-4] akka.event.EventStream - Default Loggers started
06/11 16:46:56 DEBUG[lt-dispatcher-7] akka.event.EventStream - shutting down: StandardOutLogger started
06/11 16:47:37 INFO [lt-dispatcher-4] akka.event.slf4j.Slf4jLogger - Slf4jLogger started
06/11 16:47:37 DEBUG[lt-dispatcher-4] akka.event.EventStream - logger log1-Slf4jLogger started
06/11 16:47:37 DEBUG[lt-dispatcher-4] akka.event.EventStream - Default Loggers started
06/11 16:47:37 DEBUG[lt-dispatcher-8] akka.event.EventStream - shutting down: StandardOutLogger started
06/11 23:06:01 INFO [lt-dispatcher-4] akka.event.slf4j.Slf4jLogger - Slf4jLogger started
06/11 23:06:01 DEBUG[lt-dispatcher-4] akka.event.EventStream - logger log1-Slf4jLogger started
06/11 23:06:01 DEBUG[lt-dispatcher-4] akka.event.EventStream - Default Loggers started
06/11 23:06:01 DEBUG[lt-dispatcher-3] akka.event.EventStream - shutting down: StandardOutLogger started
06/11 23:06:16 INFO [lt-dispatcher-4] akka.event.slf4j.Slf4jLogger - Slf4jLogger started
06/11 23:06:16 DEBUG[lt-dispatcher-4] akka.event.EventStream - logger log1-Slf4jLogger started
06/11 23:06:16 DEBUG[lt-dispatcher-4] akka.event.EventStream - Default Loggers started
06/11 23:06:16 DEBUG[lt-dispatcher-4] akka.event.EventStream - shutting down: StandardOutLogger started
06/11 23:09:23 INFO [lt-dispatcher-2] akka.event.slf4j.Slf4jLogger - Slf4jLogger started
06/11 23:09:23 DEBUG[lt-dispatcher-2] akka.event.EventStream - logger log1-Slf4jLogger started
06/11 23:09:23 DEBUG[lt-dispatcher-2] akka.event.EventStream - Default Loggers started
06/11 23:09:23 DEBUG[lt-dispatcher-8] akka.event.EventStream - shutting down: StandardOutLogger started
06/11 23:09:51 INFO [lt-dispatcher-2] akka.event.slf4j.Slf4jLogger - Slf4jLogger started
06/11 23:09:51 DEBUG[lt-dispatcher-2] akka.event.EventStream - logger log1-Slf4jLogger started
06/11 23:09:51 DEBUG[lt-dispatcher-2] akka.event.EventStream - Default Loggers started
06/11 23:09:51 DEBUG[lt-dispatcher-8] akka.event.EventStream - shutting down: StandardOutLogger started
06/11 23:11:33 INFO [lt-dispatcher-4] akka.event.slf4j.Slf4jLogger - Slf4jLogger started
06/11 23:11:33 DEBUG[lt-dispatcher-4] akka.event.EventStream - logger log1-Slf4jLogger started
06/11 23:11:33 DEBUG[lt-dispatcher-4] akka.event.EventStream - Default Loggers started
06/11 23:11:33 DEBUG[lt-dispatcher-8] akka.event.EventStream - shutting down: StandardOutLogger started
06/11 23:11:44 INFO [lt-dispatcher-4] akka.event.slf4j.Slf4jLogger - Slf4jLogger started
06/11 23:11:44 DEBUG[lt-dispatcher-4] akka.event.EventStream - logger log1-Slf4jLogger started
06/11 23:11:44 DEBUG[lt-dispatcher-4] akka.event.EventStream - Default Loggers started
06/11 23:11:44 DEBUG[lt-dispatcher-7] akka.event.EventStream - shutting down: StandardOutLogger started
06/11 23:14:11 INFO [lt-dispatcher-2] akka.event.slf4j.Slf4jLogger - Slf4jLogger started
06/11 23:14:11 DEBUG[lt-dispatcher-2] akka.event.EventStream - logger log1-Slf4jLogger started
06/11 23:14:11 DEBUG[lt-dispatcher-2] akka.event.EventStream - Default Loggers started
06/11 23:14:11 DEBUG[lt-dispatcher-8] akka.event.EventStream - shutting down: StandardOutLogger started
